<?xml version="1.0" encoding="UTF-8"?>
<!-- Generated by org.testng.reporters.JUnitXMLReporter -->
<testsuite ignored="6" hostname="SK11Q" failures="1" tests="2" name="test" time="14.661" errors="0" timestamp="2023-12-12T22:11:56 GMT">
  <testcase classname="com.orangehrmlive.demo.testsuite.UsersTest" name="searchTheUserCreatedAndVerifyIt" time="3.51">
    <failure type="org.openqa.selenium.ElementNotInteractableException" message="element not interactable
  (Session info: chrome=120.0.6099.71)
Build info: version: &amp;apos;4.15.0&amp;apos;, revision: &amp;apos;1d14b5521b&amp;apos;
System info: os.name: &amp;apos;Windows 11&amp;apos;, os.arch: &amp;apos;amd64&amp;apos;, os.version: &amp;apos;10.0&amp;apos;, java.version: &amp;apos;17.0.8&amp;apos;
Driver info: org.openqa.selenium.chrome.ChromeDriver
Command: [4f9c377f781483fc8c7a0be7a47d3153, sendKeysToElement {id=14974111D0C40693E751FED62A856021_element_49, value=[Ljava.lang.CharSequence;@4cfbaf4}]
Capabilities {acceptInsecureCerts: false, browserName: chrome, browserVersion: 120.0.6099.71, chrome: {chromedriverVersion: 120.0.6099.71 (9729082fe617..., userDataDir: C:\Users\hiral\AppData\Loca...}, fedcm:accounts: true, goog:chromeOptions: {debuggerAddress: localhost:51256}, networkConnectionEnabled: false, pageLoadStrategy: normal, platformName: windows, proxy: Proxy(), se:cdp: ws://localhost:51256/devtoo..., se:cdpVersion: 120.0.6099.71, setWindowRect: true, strictFileInteractability: false, timeouts: {implicit: 0, pageLoad: 300000, script: 30000}, unhandledPromptBehavior: dismiss and notify, webauthn:extension:credBlob: true, webauthn:extension:largeBlob: true, webauthn:extension:minPinLength: true, webauthn:extension:prf: true, webauthn:virtualAuthenticators: true}
Element: [[ChromeDriver: chrome on windows (4f9c377f781483fc8c7a0be7a47d3153)] -&amp;gt; xpath: //body/div[@id=&amp;apos;app&amp;apos;]/div[1]/div[2]/div[2]/div[1]/div[1]/div[2]/form[1]/div[1]/div[1]/div[1]/div[1]/div[2]]
Session ID: 4f9c377f781483fc8c7a0be7a47d3153">
      <![CDATA[org.openqa.selenium.ElementNotInteractableException: element not interactable
  (Session info: chrome=120.0.6099.71)
Build info: version: '4.15.0', revision: '1d14b5521b'
System info: os.name: 'Windows 11', os.arch: 'amd64', os.version: '10.0', java.version: '17.0.8'
Driver info: org.openqa.selenium.chrome.ChromeDriver
Command: [4f9c377f781483fc8c7a0be7a47d3153, sendKeysToElement {id=14974111D0C40693E751FED62A856021_element_49, value=[Ljava.lang.CharSequence;@4cfbaf4}]
Capabilities {acceptInsecureCerts: false, browserName: chrome, browserVersion: 120.0.6099.71, chrome: {chromedriverVersion: 120.0.6099.71 (9729082fe617..., userDataDir: C:\Users\hiral\AppData\Loca...}, fedcm:accounts: true, goog:chromeOptions: {debuggerAddress: localhost:51256}, networkConnectionEnabled: false, pageLoadStrategy: normal, platformName: windows, proxy: Proxy(), se:cdp: ws://localhost:51256/devtoo..., se:cdpVersion: 120.0.6099.71, setWindowRect: true, strictFileInteractability: false, timeouts: {implicit: 0, pageLoad: 300000, script: 30000}, unhandledPromptBehavior: dismiss and notify, webauthn:extension:credBlob: true, webauthn:extension:largeBlob: true, webauthn:extension:minPinLength: true, webauthn:extension:prf: true, webauthn:virtualAuthenticators: true}
Element: [[ChromeDriver: chrome on windows (4f9c377f781483fc8c7a0be7a47d3153)] -> xpath: //body/div[@id='app']/div[1]/div[2]/div[2]/div[1]/div[1]/div[2]/form[1]/div[1]/div[1]/div[1]/div[1]/div[2]]
Session ID: 4f9c377f781483fc8c7a0be7a47d3153
at org.openqa.selenium.remote.codec.w3c.W3CHttpResponseCodec.createException(W3CHttpResponseCodec.java:200)
at org.openqa.selenium.remote.codec.w3c.W3CHttpResponseCodec.decode(W3CHttpResponseCodec.java:133)
at org.openqa.selenium.remote.codec.w3c.W3CHttpResponseCodec.decode(W3CHttpResponseCodec.java:52)
at org.openqa.selenium.remote.HttpCommandExecutor.execute(HttpCommandExecutor.java:191)
at org.openqa.selenium.remote.service.DriverCommandExecutor.invokeExecute(DriverCommandExecutor.java:200)
at org.openqa.selenium.remote.service.DriverCommandExecutor.execute(DriverCommandExecutor.java:175)
at org.openqa.selenium.remote.RemoteWebDriver.execute(RemoteWebDriver.java:607)
at org.openqa.selenium.remote.RemoteWebElement.execute(RemoteWebElement.java:224)
at org.openqa.selenium.remote.RemoteWebElement.sendKeys(RemoteWebElement.java:111)
at org.openqa.selenium.support.pagefactory.internal.LocatingElementHandler.invoke(LocatingElementHandler.java:51)
at jdk.proxy2/jdk.proxy2.$Proxy15.sendKeys(Unknown Source)
at com.orangehrmlive.demo.utility.Utilities.sendTextToElement(Utilities.java:72)
at com.orangehrmlive.demo.pages.ViewSystemUsersPage.setEnterUsername(ViewSystemUsersPage.java:47)
at com.orangehrmlive.demo.testsuite.UsersTest.searchTheUserCreatedAndVerifyIt(UsersTest.java:81)
at java.base/java.util.ArrayList.forEach(ArrayList.java:1511)
at com.intellij.rt.testng.IDEARemoteTestNG.run(IDEARemoteTestNG.java:66)
at com.intellij.rt.testng.RemoteTestNGStarter.main(RemoteTestNGStarter.java:105)
... Removed 33 stack frames]]>
    </failure>
  </testcase> <!-- searchTheUserCreatedAndVerifyIt -->
  <testcase classname="com.orangehrmlive.demo.testsuite.LoginTest" name="verifyThatTheLogoDisplayedOnLoginPage" time="0.661"/>
  <testcase classname="com.orangehrmlive.demo.testsuite.UsersTest" name="adminShouldAddUserSuccessFully" time="0.0">
    <ignored/>
  </testcase> <!-- adminShouldAddUserSuccessFully -->
  <testcase classname="com.orangehrmlive.demo.testsuite.LoginTest" name="verifyUserShouldLogoutSuccessfully" time="0.0">
    <ignored/>
  </testcase> <!-- verifyUserShouldLogoutSuccessfully -->
  <testcase classname="com.orangehrmlive.demo.testsuite.UsersTest" name="verifyThatAdminShouldDeleteTheUserSuccessFully" time="0.0">
    <ignored/>
  </testcase> <!-- verifyThatAdminShouldDeleteTheUserSuccessFully -->
  <testcase classname="com.orangehrmlive.demo.testsuite.LoginTest" name="verifyUserShouldLoginSuccessfully" time="0.0">
    <ignored/>
  </testcase> <!-- verifyUserShouldLoginSuccessfully -->
  <testcase classname="com.orangehrmlive.demo.testsuite.UsersTest" name="searchTheDeletedUserAndVerifyTheMessageRecordFound" time="0.0">
    <ignored/>
  </testcase> <!-- searchTheDeletedUserAndVerifyTheMessageRecordFound -->
  <testcase classname="com.orangehrmlive.demo.testsuite.LoginTest" name="verifyErrorMessageWithInvalidCredentials" time="0.0">
    <ignored/>
  </testcase> <!-- verifyErrorMessageWithInvalidCredentials -->
</testsuite> <!-- test -->
